<?xml version="1.0" encoding="UTF-8"?>
<testsuite name="pruebaDux.demo.PruebaDuxApplicationTests" tests="1" skipped="0" failures="0" errors="0" timestamp="2025-03-06T23:14:57" hostname="DESKTOP-3PA9VUQ" time="0.017">
  <properties/>
  <testcase name="contextLoads()" classname="pruebaDux.demo.PruebaDuxApplicationTests" time="0.017"/>
  <system-out><![CDATA[20:14:51.330 [Test worker] INFO org.springframework.test.context.support.AnnotationConfigContextLoaderUtils -- Could not detect default configuration classes for test class [pruebaDux.demo.PruebaDuxApplicationTests]: PruebaDuxApplicationTests does not declare any static, non-private, non-final, nested classes annotated with @Configuration.
20:14:51.506 [Test worker] INFO org.springframework.boot.test.context.SpringBootTestContextBootstrapper -- Found @SpringBootConfiguration pruebaDux.demo.PruebaDuxApplication for test class pruebaDux.demo.PruebaDuxApplicationTests

  .   ____          _            __ _ _
 /\\ / ___'_ __ _ _(_)_ __  __ _ \ \ \ \
( ( )\___ | '_ | '_| | '_ \/ _` | \ \ \ \
 \\/  ___)| |_)| | | | | || (_| |  ) ) ) )
  '  |____| .__|_| |_|_| |_\__, | / / / /
 =========|_|==============|___/=/_/_/_/

 :: Spring Boot ::                (v3.4.3)

2025-03-06T20:14:52.146-03:00  INFO 17736 --- [pruebaDUX] [    Test worker] p.demo.PruebaDuxApplicationTests         : Starting PruebaDuxApplicationTests using Java 17.0.8 with PID 17736 (started by Usuario in C:\Users\Usuario\Downloads\demo)
2025-03-06T20:14:52.148-03:00  INFO 17736 --- [pruebaDUX] [    Test worker] p.demo.PruebaDuxApplicationTests         : No active profile set, falling back to 1 default profile: "default"
2025-03-06T20:14:53.330-03:00  INFO 17736 --- [pruebaDUX] [    Test worker] .s.d.r.c.RepositoryConfigurationDelegate : Bootstrapping Spring Data JPA repositories in DEFAULT mode.
2025-03-06T20:14:53.395-03:00  INFO 17736 --- [pruebaDUX] [    Test worker] .s.d.r.c.RepositoryConfigurationDelegate : Finished Spring Data repository scanning in 54 ms. Found 1 JPA repository interface.
2025-03-06T20:14:53.985-03:00  INFO 17736 --- [pruebaDUX] [    Test worker] o.hibernate.jpa.internal.util.LogHelper  : HHH000204: Processing PersistenceUnitInfo [name: default]
2025-03-06T20:14:54.070-03:00  INFO 17736 --- [pruebaDUX] [    Test worker] org.hibernate.Version                    : HHH000412: Hibernate ORM core version 6.6.8.Final
2025-03-06T20:14:54.119-03:00  INFO 17736 --- [pruebaDUX] [    Test worker] o.h.c.internal.RegionFactoryInitiator    : HHH000026: Second-level cache disabled
2025-03-06T20:14:54.301-03:00  INFO 17736 --- [pruebaDUX] [    Test worker] o.s.o.j.p.SpringPersistenceUnitInfo      : No LoadTimeWeaver setup: ignoring JPA class transformer
2025-03-06T20:14:54.347-03:00  INFO 17736 --- [pruebaDUX] [    Test worker] com.zaxxer.hikari.HikariDataSource       : HikariPool-1 - Starting...
2025-03-06T20:14:54.564-03:00  INFO 17736 --- [pruebaDUX] [    Test worker] com.zaxxer.hikari.pool.HikariPool        : HikariPool-1 - Added connection conn0: url=jdbc:h2:mem:futboldb user=ROOT
2025-03-06T20:14:54.567-03:00  INFO 17736 --- [pruebaDUX] [    Test worker] com.zaxxer.hikari.HikariDataSource       : HikariPool-1 - Start completed.
2025-03-06T20:14:54.592-03:00  WARN 17736 --- [pruebaDUX] [    Test worker] org.hibernate.orm.deprecation            : HHH90000025: H2Dialect does not need to be specified explicitly using 'hibernate.dialect' (remove the property setting and it will be selected by default)
2025-03-06T20:14:54.621-03:00  INFO 17736 --- [pruebaDUX] [    Test worker] org.hibernate.orm.connections.pooling    : HHH10001005: Database info:
	Database JDBC URL [Connecting through datasource 'HikariDataSource (HikariPool-1)']
	Database driver: undefined/unknown
	Database version: 2.3.232
	Autocommit mode: undefined/unknown
	Isolation level: undefined/unknown
	Minimum pool size: undefined/unknown
	Maximum pool size: undefined/unknown
2025-03-06T20:14:55.193-03:00  INFO 17736 --- [pruebaDUX] [    Test worker] o.h.m.i.EntityInstantiatorPojoStandard   : HHH000182: No default (no-argument) constructor for class: pruebaDux.demo.Model.Equipo (class must be instantiated by Interceptor)
2025-03-06T20:14:55.357-03:00  INFO 17736 --- [pruebaDUX] [    Test worker] o.h.e.t.j.p.i.JtaPlatformInitiator       : HHH000489: No JTA platform available (set 'hibernate.transaction.jta.platform' to enable JTA platform integration)
Hibernate: create table equipo (id bigint generated by default as identity, liga varchar(255), nombre varchar(255), pais varchar(255), primary key (id))
2025-03-06T20:14:55.424-03:00  INFO 17736 --- [pruebaDUX] [    Test worker] j.LocalContainerEntityManagerFactoryBean : Initialized JPA EntityManagerFactory for persistence unit 'default'
2025-03-06T20:14:55.520-03:00  INFO 17736 --- [pruebaDUX] [    Test worker] eAuthenticationProviderManagerConfigurer : Global AuthenticationManager configured with AuthenticationProvider bean with name authenticationProvider
2025-03-06T20:14:55.521-03:00  WARN 17736 --- [pruebaDUX] [    Test worker] r$InitializeUserDetailsManagerConfigurer : Global AuthenticationManager configured with an AuthenticationProvider bean. UserDetailsService beans will not be used by Spring Security for automatically configuring username/password login. Consider removing the AuthenticationProvider bean. Alternatively, consider using the UserDetailsService in a manually instantiated DaoAuthenticationProvider. If the current configuration is intentional, to turn off this warning, increase the logging level of 'org.springframework.security.config.annotation.authentication.configuration.InitializeUserDetailsBeanManagerConfigurer' to ERROR
2025-03-06T20:14:55.993-03:00  WARN 17736 --- [pruebaDUX] [    Test worker] JpaBaseConfiguration$JpaWebConfiguration : spring.jpa.open-in-view is enabled by default. Therefore, database queries may be performed during view rendering. Explicitly configure spring.jpa.open-in-view to disable this warning
2025-03-06T20:14:56.826-03:00  INFO 17736 --- [pruebaDUX] [    Test worker] o.s.b.a.h2.H2ConsoleAutoConfiguration    : H2 console available at '/h2-console'. Database available at 'jdbc:h2:mem:futboldb'
2025-03-06T20:14:57.555-03:00  INFO 17736 --- [pruebaDUX] [    Test worker] p.demo.PruebaDuxApplicationTests         : Started PruebaDuxApplicationTests in 5.177 seconds (process running for 9.098)
]]></system-out>
  <system-err><![CDATA[]]></system-err>
</testsuite>
