<?xml version="1.0" encoding="UTF-8"?>
<testsuite name="pruebaDux.demo.EquipoServiceTest" tests="3" skipped="0" failures="0" errors="0" timestamp="2025-03-06T23:14:49" hostname="DESKTOP-3PA9VUQ" time="1.726">
  <properties/>
  <testcase name="obtenerEquipoPorId()" classname="pruebaDux.demo.EquipoServiceTest" time="1.715"/>
  <testcase name="ObtenerEquipoPorNombre()" classname="pruebaDux.demo.EquipoServiceTest" time="0.005"/>
  <testcase name="obtenerTodoslosEquipos()" classname="pruebaDux.demo.EquipoServiceTest" time="0.004"/>
  <system-out><![CDATA[]]></system-out>
  <system-err><![CDATA[]]></system-err>
</testsuite>
